<?xml version="1.0" encoding="UTF-8"?>
<!-- Generated by org.testng.reporters.JUnitReportReporter -->
<testsuite hostname="ALEX" failures="0" tests="2" name="GTMTM.TestSuite.testClasses.MicrosoftLoginTest" time="12.818" errors="0" timestamp="2025-04-10T12:46:34 IST" skipped="0">
  <testcase classname="GTMTM.TestSuite.testClasses.MicrosoftLoginTest" name="microsoftDispatchLoginTest" time="6.278"/>
  <system-out/>
  <testcase classname="GTMTM.TestSuite.testClasses.MicrosoftLoginTest" name="microsoftSpicePortalLoginTest" time="6.540"/>
  <system-out/>
</testsuite> <!-- GTMTM.TestSuite.testClasses.MicrosoftLoginTest -->
