<?xml version="1.0" encoding="UTF-8"?>
<!-- Generated by org.testng.reporters.JUnitReportReporter -->
<testsuite hostname="TL351" failures="0" tests="2" name="GTMTM.TestSuite.testClasses.DispatchPortalTest" time="26.452" errors="0" timestamp="2025-04-15T10:14:48 IST" skipped="0">
  <testcase classname="GTMTM.TestSuite.testClasses.DispatchPortalTest" name="dispatchLoginTest" time="23.671"/>
  <system-out/>
  <testcase classname="GTMTM.TestSuite.testClasses.DispatchPortalTest" name="dispatchNavigationTest" time="2.781"/>
  <system-out/>
</testsuite> <!-- GTMTM.TestSuite.testClasses.DispatchPortalTest -->
