<?xml version="1.0" encoding="UTF-8"?>
<!-- Generated by org.testng.reporters.JUnitReportReporter -->
<testsuite hostname="ALEX" failures="0" tests="2" name="GTMTM.TestSuite.testClasses.DispatchPortalTest" time="60.645" errors="0" timestamp="2025-04-10T16:41:16 IST" skipped="0">
  <testcase classname="GTMTM.TestSuite.testClasses.DispatchPortalTest" name="dispatchNavigationTest" time="5.927"/>
  <system-out/>
  <testcase classname="GTMTM.TestSuite.testClasses.DispatchPortalTest" name="dispatchLoginTest" time="54.718"/>
  <system-out/>
</testsuite> <!-- GTMTM.TestSuite.testClasses.DispatchPortalTest -->
